2021-06-16T04:27:52+00:00 INFO Generating payment form for order 72. Notify URL: https://localhost/botika/wc-api/WC_Gateway_Paypal/
2021-06-16T04:27:52+00:00 INFO PayPal Request Args for order 72: Array
(
    [cmd] => _cart
    [business] => loadpinas-facilitator@gmail.com
    [no_note] => 1
    [currency_code] => USD
    [charset] => utf-8
    [rm] => 2
    [upload] => 1
    [return] => https://localhost/botika/checkout/order-received/72/?key=wc_order_tH5HGws2KuVRR&utm_nooverride=1
    [cancel_return] => https://localhost/botika/cart/?cancel_order=true&order=wc_order_tH5HGws2KuVRR&order_id=72&redirect&_wpnonce=6c93749bb6
    [image_url] => 
    [paymentaction] => sale
    [invoice] => WC-72
    [custom] => {"order_id":72,"order_key":"wc_order_tH5HGws2KuVRR"}
    [notify_url] => https://localhost/botika/wc-api/WC_Gateway_Paypal/
    [first_name] => ***
    [last_name] => ***
    [address1] => ***
    [address2] => ***
    [city] => ***
    [state] => ***
    [zip] => ***
    [country] => ***
    [email] => ***@***
    [night_phone_a] => ***
    [night_phone_b] => ***
    [address_override] => 0
    [no_shipping] => 0
    [tax_cart] => 0.00
    [shipping_1] => 5.00
    [item_name_1] => T-Shirt with Logo
    [quantity_1] => 3
    [amount_1] => 18
    [item_number_1] => Woo-tshirt-logo
    [item_name_2] => Beanie with Logo
    [quantity_2] => 1
    [amount_2] => 18
    [item_number_2] => Woo-beanie-logo
    [bn] => WooThemes_Cart
)

